[0m18:54:44.841233 [debug] [MainThread]: Sending event: {'category': 'dbt', 'action': 'invocation', 'label': 'start', 'context': [<snowplow_tracker.self_describing_json.SelfDescribingJson object at 0x749fca925d00>, <snowplow_tracker.self_describing_json.SelfDescribingJson object at 0x749fca145ee0>, <snowplow_tracker.self_describing_json.SelfDescribingJson object at 0x749fcb5d94c0>]}


============================== 18:54:44.845824 | c107c0fb-4085-4782-9a15-ab32fb9c99ec ==============================
[0m18:54:44.845824 [info ] [MainThread]: Running with dbt=1.10.5
[0m18:54:44.846583 [debug] [MainThread]: running dbt with arguments {'printer_width': '80', 'indirect_selection': 'eager', 'log_cache_events': 'False', 'write_json': 'True', 'partial_parse': 'True', 'cache_selected_only': 'False', 'warn_error': 'None', 'fail_fast': 'False', 'profiles_dir': '/home/shah/.dbt', 'log_path': 'logs', 'debug': 'False', 'version_check': 'True', 'use_colors': 'True', 'use_experimental_parser': 'False', 'empty': 'None', 'quiet': 'False', 'no_print': 'None', 'warn_error_options': 'WarnErrorOptionsV2(error=[], warn=[], silence=[])', 'introspect': 'True', 'invocation_command': 'dbt init ecommerce_analytics', 'static_parser': 'True', 'target_path': 'None', 'log_format': 'default', 'send_anonymous_usage_stats': 'True'}
[0m18:54:44.873863 [info ] [MainThread]: Creating dbt configuration folder at /home/shah/.dbt
[0m18:54:44.875702 [debug] [MainThread]: Starter project path: /home/shah/git/data-engineering/venv/lib/python3.12/site-packages/dbt/include/starter_project
[0m18:54:44.884262 [info ] [MainThread]: 
Your new dbt project "ecommerce_analytics" was created!

For more information on how to configure the profiles.yml file,
please consult the dbt documentation here:

  https://docs.getdbt.com/docs/configure-your-profile

One more thing:

Need help? Don't hesitate to reach out to us via GitHub issues or on Slack:

  https://community.getdbt.com/

Happy modeling!

[0m18:54:44.884993 [info ] [MainThread]: Setting up your profile.
[0m18:54:56.897508 [info ] [MainThread]: Profile ecommerce_analytics written to /home/shah/.dbt/profiles.yml using target's sample configuration. Once updated, you'll be able to start developing with dbt.
[0m18:54:56.899190 [debug] [MainThread]: Resource report: {"command_name": "init", "command_success": true, "command_wall_clock_time": 12.126617, "process_in_blocks": "536", "process_kernel_time": 0.288996, "process_mem_max_rss": "114612", "process_out_blocks": "72", "process_user_time": 2.049251}
[0m18:54:56.900206 [debug] [MainThread]: Command `dbt init` succeeded at 18:54:56.899961 after 12.13 seconds
[0m18:54:56.900830 [debug] [MainThread]: Sending event: {'category': 'dbt', 'action': 'invocation', 'label': 'end', 'context': [<snowplow_tracker.self_describing_json.SelfDescribingJson object at 0x749fca589a30>, <snowplow_tracker.self_describing_json.SelfDescribingJson object at 0x749fca3f9e50>, <snowplow_tracker.self_describing_json.SelfDescribingJson object at 0x749fc9b239e0>]}
[0m18:54:56.901362 [debug] [MainThread]: Flushing usage events
[0m18:54:57.602206 [debug] [MainThread]: An error was encountered while trying to flush usage events
